<?xml version="1.0" encoding="UTF-8" ?>
<testsuite failures="0" time="0.091" errors="0" skipped="0" tests="10" name="com.thoughtworks.trains.graph.test.TestGraph">
  <properties>
[...]
</properties>
  <testcase time="0.016" classname="com.thoughtworks.trains.graph.test.TestGraph" name="testA_C_shortestPath_step8"/>
  <testcase time="0" classname="com.thoughtworks.trains.graph.test.TestGraph" name="testB_B_shortestPath_step9"/>
  <testcase time="0.001" classname="com.thoughtworks.trains.graph.test.TestGraph" name="testC_C_with_maximum3stops_step_6"/>
  <testcase time="0" classname="com.thoughtworks.trains.graph.test.TestGraph" name="testA_C_withexactly4stops_step7"/>
  <testcase time="0.001" classname="com.thoughtworks.trains.graph.test.TestGraph" name="testC_C_totalWeightless30_step10"/>
  <testcase time="0" classname="com.thoughtworks.trains.graph.test.TestGraph" name="testA_B_C_step1"/>
  <testcase time="0.001" classname="com.thoughtworks.trains.graph.test.TestGraph" name="testA_D_step2"/>
  <testcase time="0" classname="com.thoughtworks.trains.graph.test.TestGraph" name="testA_D_C_step3"/>
  <testcase time="0" classname="com.thoughtworks.trains.graph.test.TestGraph" name="testA_E_B_C_D_step4"/>
  <testcase time="0" classname="com.thoughtworks.trains.graph.test.TestGraph" name="testA_E_D_step5"/>
</testsuite>